0 info it worked if it ends with ok
1 verbose cli [ 'C:\\Program Files\\nodejs\\node.exe',
1 verbose cli   'C:\\Program Files\\nodejs\\node_modules\\npm\\bin\\npm-cli.js',
1 verbose cli   'list' ]
2 info using npm@2.15.8
3 info using node@v4.4.7
4 warn unmet dependency D:\tinkertanker\demos\projects\ky040\node_modules\pxt-microbit\node_modules\pxt-core\node_modules\serialport\node_modules\node-pre-gyp\node_modules\request\node_modules\http-signature\node_modules\sshpk requires assert-plus@'^1.0.0' but will load
4 warn unmet dependency D:\tinkertanker\demos\projects\ky040\node_modules\pxt-microbit\node_modules\pxt-core\node_modules\serialport\node_modules\node-pre-gyp\node_modules\request\node_modules\http-signature\node_modules\assert-plus,
4 warn unmet dependency which is version 0.2.0
5 verbose stack Error: write EOF
5 verbose stack     at exports._errnoException (util.js:873:11)
5 verbose stack     at Socket._writeGeneric (net.js:697:26)
5 verbose stack     at Socket._write (net.js:716:8)
5 verbose stack     at doWrite (_stream_writable.js:300:12)
5 verbose stack     at writeOrBuffer (_stream_writable.js:286:5)
5 verbose stack     at Socket.Writable.write (_stream_writable.js:214:11)
5 verbose stack     at Socket.write (net.js:642:40)
5 verbose stack     at Console.log (console.js:39:16)
5 verbose stack     at C:\Program Files\nodejs\node_modules\npm\lib\ls.js:68:13
5 verbose stack     at C:\Program Files\nodejs\node_modules\npm\node_modules\read-installed\read-installed.js:142:5
6 verbose cwd D:\tinkertanker\demos\projects\ky040
7 error Windows_NT 10.0.14393
8 error argv "C:\\Program Files\\nodejs\\node.exe" "C:\\Program Files\\nodejs\\node_modules\\npm\\bin\\npm-cli.js" "list"
9 error node v4.4.7
10 error npm  v2.15.8
11 error code EOF
12 error errno EOF
13 error syscall write
14 error write EOF
15 error If you need help, you may report this error at:
15 error     <https://github.com/npm/npm/issues>
16 verbose exit [ 1, true ]
